<?xml version="1.0" encoding="UTF-8"?>
<coverage generated="1732517692273" clover="3.2.0">
  <project timestamp="1732517692273" name="All files">
    <metrics statements="39" coveredstatements="38" conditionals="19" coveredconditionals="16" methods="10" coveredmethods="10" elements="68" coveredelements="64" complexity="0" loc="39" ncloc="39" packages="4" files="4" classes="4"/>
    <package name="components.BalanceSheet">
      <metrics statements="9" coveredstatements="9" conditionals="8" coveredconditionals="8" methods="2" coveredmethods="2"/>
      <file name="BalanceSheet.component.tsx" path="/Users/mahendramanchi/Work/reports-assessment-demety-github/reports-fe/src/components/BalanceSheet/BalanceSheet.component.tsx">
        <metrics statements="9" coveredstatements="9" conditionals="8" coveredconditionals="8" methods="2" coveredmethods="2"/>
        <line num="2" count="1" type="stmt"/>
        <line num="3" count="1" type="stmt"/>
        <line num="4" count="1" type="stmt"/>
        <line num="5" count="1" type="stmt"/>
        <line num="7" count="1" type="stmt"/>
        <line num="8" count="7" type="stmt"/>
        <line num="9" count="7" type="stmt"/>
        <line num="18" count="2" type="cond" truecount="2" falsecount="0"/>
        <line num="38" count="1" type="stmt"/>
      </file>
    </package>
    <package name="components.BalanceSheetRow">
      <metrics statements="7" coveredstatements="7" conditionals="4" coveredconditionals="4" methods="3" coveredmethods="3"/>
      <file name="BalanceSheetRow.component.tsx" path="/Users/mahendramanchi/Work/reports-assessment-demety-github/reports-fe/src/components/BalanceSheetRow/BalanceSheetRow.component.tsx">
        <metrics statements="7" coveredstatements="7" conditionals="4" coveredconditionals="4" methods="3" coveredmethods="3"/>
        <line num="10" count="1" type="stmt"/>
        <line num="15" count="2" type="cond" truecount="4" falsecount="0"/>
        <line num="16" count="1" type="stmt"/>
        <line num="19" count="2" type="stmt"/>
        <line num="24" count="1" type="stmt"/>
        <line num="32" count="3" type="stmt"/>
        <line num="43" count="1" type="stmt"/>
      </file>
    </package>
    <package name="components.BalanceSheetSection">
      <metrics statements="5" coveredstatements="5" conditionals="2" coveredconditionals="1" methods="2" coveredmethods="2"/>
      <file name="BalanceSheetSection.component.tsx" path="/Users/mahendramanchi/Work/reports-assessment-demety-github/reports-fe/src/components/BalanceSheetSection/BalanceSheetSection.component.tsx">
        <metrics statements="5" coveredstatements="5" conditionals="2" coveredconditionals="1" methods="2" coveredmethods="2"/>
        <line num="3" count="1" type="stmt"/>
        <line num="10" count="1" type="stmt"/>
        <line num="14" count="1" type="stmt"/>
        <line num="21" count="1" type="stmt"/>
        <line num="30" count="1" type="stmt"/>
      </file>
    </package>
    <package name="utils.hooks">
      <metrics statements="18" coveredstatements="17" conditionals="5" coveredconditionals="3" methods="3" coveredmethods="3"/>
      <file name="useBalanceSheet.ts" path="/Users/mahendramanchi/Work/reports-assessment-demety-github/reports-fe/src/utils/hooks/useBalanceSheet.ts">
        <metrics statements="18" coveredstatements="17" conditionals="5" coveredconditionals="3" methods="3" coveredmethods="3"/>
        <line num="1" count="1" type="stmt"/>
        <line num="11" count="1" type="stmt"/>
        <line num="12" count="7" type="stmt"/>
        <line num="17" count="7" type="stmt"/>
        <line num="19" count="7" type="stmt"/>
        <line num="20" count="4" type="stmt"/>
        <line num="21" count="4" type="stmt"/>
        <line num="22" count="4" type="stmt"/>
        <line num="23" count="4" type="stmt"/>
        <line num="24" count="3" type="stmt"/>
        <line num="25" count="3" type="cond" truecount="3" falsecount="2"/>
        <line num="26" count="0" type="stmt"/>
        <line num="32" count="3" type="stmt"/>
        <line num="35" count="1" type="stmt"/>
        <line num="41" count="4" type="stmt"/>
        <line num="45" count="4" type="stmt"/>
        <line num="48" count="7" type="stmt"/>
        <line num="51" count="1" type="stmt"/>
      </file>
    </package>
  </project>
</coverage>
