{
  "/Users/mahendramanchi/Work/reports-assessment-demety-github/reports-fe/src/components/BalanceSheet/BalanceSheet.component.tsx": {
    "path": "/Users/mahendramanchi/Work/reports-assessment-demety-github/reports-fe/src/components/BalanceSheet/BalanceSheet.component.tsx",
    "statementMap": {
      "0": {
        "start": { "line": 2, "column": 0 },
        "end": { "line": 2, "column": 35 }
      },
      "1": {
        "start": { "line": 3, "column": 0 },
        "end": { "line": 3, "column": 87 }
      },
      "2": {
        "start": { "line": 4, "column": 0 },
        "end": { "line": 4, "column": 75 }
      },
      "3": {
        "start": { "line": 5, "column": 0 },
        "end": { "line": 5, "column": 64 }
      },
      "4": {
        "start": { "line": 7, "column": 40 },
        "end": { "line": 36, "column": 1 }
      },
      "5": {
        "start": { "line": 8, "column": 30 },
        "end": { "line": 8, "column": 47 }
      },
      "6": {
        "start": { "line": 9, "column": 2 },
        "end": { "line": 35, "column": 4 }
      },
      "7": {
        "start": { "line": 18, "column": 14 },
        "end": { "line": 27, "column": 16 }
      },
      "8": {
        "start": { "line": 38, "column": 0 },
        "end": { "line": 38, "column": 37 }
      }
    },
    "fnMap": {
      "0": {
        "name": "(anonymous_1)",
        "decl": {
          "start": { "line": 7, "column": 40 },
          "end": { "line": 7, "column": 43 }
        },
        "loc": {
          "start": { "line": 7, "column": 45 },
          "end": { "line": 36, "column": 1 }
        }
      },
      "1": {
        "name": "(anonymous_2)",
        "decl": {
          "start": { "line": 17, "column": 28 },
          "end": { "line": 17, "column": 29 }
        },
        "loc": {
          "start": { "line": 17, "column": 43 },
          "end": { "line": 28, "column": 13 }
        }
      }
    },
    "branchMap": {
      "0": {
        "loc": {
          "start": { "line": 12, "column": 7 },
          "end": { "line": 32, "column": null }
        },
        "type": "cond-expr",
        "locations": [
          {
            "start": { "line": 13, "column": 8 },
            "end": { "line": 13, "column": 25 }
          },
          {
            "start": { "line": 14, "column": 10 },
            "end": { "line": 32, "column": null }
          }
        ]
      },
      "1": {
        "loc": {
          "start": { "line": 14, "column": 10 },
          "end": { "line": 32, "column": null }
        },
        "type": "cond-expr",
        "locations": [
          {
            "start": { "line": 15, "column": 8 },
            "end": { "line": 29, "column": null }
          },
          {
            "start": { "line": 32, "column": 8 },
            "end": { "line": 32, "column": 32 }
          }
        ]
      },
      "2": {
        "loc": {
          "start": { "line": 14, "column": 10 },
          "end": { "line": 14, "column": 43 }
        },
        "type": "binary-expr",
        "locations": [
          {
            "start": { "line": 14, "column": 10 },
            "end": { "line": 14, "column": 19 }
          },
          {
            "start": { "line": 14, "column": 23 },
            "end": { "line": 14, "column": 43 }
          }
        ]
      },
      "3": {
        "loc": {
          "start": { "line": 18, "column": 21 },
          "end": { "line": 26, "column": null }
        },
        "type": "cond-expr",
        "locations": [
          {
            "start": { "line": 19, "column": 16 },
            "end": { "line": 19, "column": 49 }
          },
          {
            "start": { "line": 21, "column": 16 },
            "end": { "line": 22, "column": null }
          }
        ]
      }
    },
    "s": {
      "0": 1,
      "1": 1,
      "2": 1,
      "3": 1,
      "4": 1,
      "5": 7,
      "6": 7,
      "7": 2,
      "8": 1
    },
    "f": { "0": 7, "1": 2 },
    "b": { "0": [4, 3], "1": [1, 2], "2": [3, 2], "3": [1, 1] }
  },
  "/Users/mahendramanchi/Work/reports-assessment-demety-github/reports-fe/src/components/BalanceSheetRow/BalanceSheetRow.component.tsx": {
    "path": "/Users/mahendramanchi/Work/reports-assessment-demety-github/reports-fe/src/components/BalanceSheetRow/BalanceSheetRow.component.tsx",
    "statementMap": {
      "0": {
        "start": { "line": 10, "column": 56 },
        "end": { "line": 41, "column": 1 }
      },
      "1": {
        "start": { "line": 15, "column": 2 },
        "end": { "line": 40, "column": 3 }
      },
      "2": {
        "start": { "line": 16, "column": 4 },
        "end": { "line": 22, "column": 6 }
      },
      "3": {
        "start": { "line": 19, "column": 10 },
        "end": { "line": 19, "column": 31 }
      },
      "4": {
        "start": { "line": 24, "column": 4 },
        "end": { "line": 39, "column": 6 }
      },
      "5": {
        "start": { "line": 32, "column": 18 },
        "end": { "line": 32, "column": 39 }
      },
      "6": {
        "start": { "line": 43, "column": 0 },
        "end": { "line": 43, "column": 31 }
      }
    },
    "fnMap": {
      "0": {
        "name": "(anonymous_0)",
        "decl": {
          "start": { "line": 10, "column": 56 },
          "end": { "line": 10, "column": 57 }
        },
        "loc": {
          "start": { "line": 14, "column": 5 },
          "end": { "line": 41, "column": 1 }
        }
      },
      "1": {
        "name": "(anonymous_1)",
        "decl": {
          "start": { "line": 18, "column": 25 },
          "end": { "line": 18, "column": 26 }
        },
        "loc": {
          "start": { "line": 19, "column": 10 },
          "end": { "line": 19, "column": 31 }
        }
      },
      "2": {
        "name": "(anonymous_2)",
        "decl": {
          "start": { "line": 31, "column": 33 },
          "end": { "line": 31, "column": 34 }
        },
        "loc": {
          "start": { "line": 32, "column": 18 },
          "end": { "line": 32, "column": 39 }
        }
      }
    },
    "branchMap": {
      "0": {
        "loc": {
          "start": { "line": 15, "column": 2 },
          "end": { "line": 40, "column": 3 }
        },
        "type": "if",
        "locations": [
          {
            "start": { "line": 15, "column": 2 },
            "end": { "line": 40, "column": 3 }
          },
          {
            "start": { "line": 23, "column": 9 },
            "end": { "line": 40, "column": 3 }
          }
        ]
      },
      "1": {
        "loc": {
          "start": { "line": 15, "column": 6 },
          "end": { "line": 15, "column": 59 }
        },
        "type": "binary-expr",
        "locations": [
          {
            "start": { "line": 15, "column": 6 },
            "end": { "line": 15, "column": 27 }
          },
          {
            "start": { "line": 15, "column": 31 },
            "end": { "line": 15, "column": 59 }
          }
        ]
      }
    },
    "s": { "0": 1, "1": 2, "2": 1, "3": 2, "4": 1, "5": 3, "6": 1 },
    "f": { "0": 2, "1": 2, "2": 3 },
    "b": { "0": [1, 1], "1": [2, 1] }
  },
  "/Users/mahendramanchi/Work/reports-assessment-demety-github/reports-fe/src/components/BalanceSheetSection/BalanceSheetSection.component.tsx": {
    "path": "/Users/mahendramanchi/Work/reports-assessment-demety-github/reports-fe/src/components/BalanceSheetSection/BalanceSheetSection.component.tsx",
    "statementMap": {
      "0": {
        "start": { "line": 3, "column": 0 },
        "end": { "line": 3, "column": 75 }
      },
      "1": {
        "start": { "line": 10, "column": 64 },
        "end": { "line": 28, "column": 1 }
      },
      "2": {
        "start": { "line": 14, "column": 2 },
        "end": { "line": 27, "column": 4 }
      },
      "3": {
        "start": { "line": 21, "column": 14 },
        "end": { "line": 21, "column": 46 }
      },
      "4": {
        "start": { "line": 30, "column": 0 },
        "end": { "line": 30, "column": 35 }
      }
    },
    "fnMap": {
      "0": {
        "name": "(anonymous_1)",
        "decl": {
          "start": { "line": 10, "column": 64 },
          "end": { "line": 10, "column": 65 }
        },
        "loc": {
          "start": { "line": 13, "column": 5 },
          "end": { "line": 28, "column": 1 }
        }
      },
      "1": {
        "name": "(anonymous_2)",
        "decl": {
          "start": { "line": 20, "column": 32 },
          "end": { "line": 20, "column": 33 }
        },
        "loc": {
          "start": { "line": 21, "column": 14 },
          "end": { "line": 21, "column": 46 }
        }
      }
    },
    "branchMap": {
      "0": {
        "loc": {
          "start": { "line": 15, "column": 31 },
          "end": { "line": 15, "column": 75 }
        },
        "type": "cond-expr",
        "locations": [
          {
            "start": { "line": 15, "column": 61 },
            "end": { "line": 15, "column": 70 }
          },
          {
            "start": { "line": 15, "column": 73 },
            "end": { "line": 15, "column": 75 }
          }
        ]
      }
    },
    "s": { "0": 1, "1": 1, "2": 1, "3": 1, "4": 1 },
    "f": { "0": 1, "1": 1 },
    "b": { "0": [0, 1] }
  },
  "/Users/mahendramanchi/Work/reports-assessment-demety-github/reports-fe/src/utils/hooks/useBalanceSheet.ts": {
    "path": "/Users/mahendramanchi/Work/reports-assessment-demety-github/reports-fe/src/utils/hooks/useBalanceSheet.ts",
    "statementMap": {
      "0": {
        "start": { "line": 1, "column": 0 },
        "end": { "line": 1, "column": 44 }
      },
      "1": {
        "start": { "line": 11, "column": 24 },
        "end": { "line": 49, "column": 1 }
      },
      "2": {
        "start": { "line": 12, "column": 26 },
        "end": { "line": 16, "column": 4 }
      },
      "3": {
        "start": { "line": 17, "column": 36 },
        "end": { "line": 17, "column": 59 }
      },
      "4": {
        "start": { "line": 19, "column": 2 },
        "end": { "line": 46, "column": 9 }
      },
      "5": {
        "start": { "line": 20, "column": 28 },
        "end": { "line": 43, "column": 5 }
      },
      "6": {
        "start": { "line": 21, "column": 6 },
        "end": { "line": 21, "column": 25 }
      },
      "7": {
        "start": { "line": 22, "column": 6 },
        "end": { "line": 42, "column": 7 }
      },
      "8": {
        "start": { "line": 23, "column": 25 },
        "end": { "line": 23, "column": 76 }
      },
      "9": {
        "start": { "line": 24, "column": 23 },
        "end": { "line": 24, "column": 44 }
      },
      "10": {
        "start": { "line": 25, "column": 8 },
        "end": { "line": 33, "column": 9 }
      },
      "11": {
        "start": { "line": 26, "column": 10 },
        "end": { "line": 30, "column": 13 }
      },
      "12": {
        "start": { "line": 32, "column": 10 },
        "end": { "line": 32, "column": 43 }
      },
      "13": {
        "start": { "line": 35, "column": 8 },
        "end": { "line": 39, "column": 11 }
      },
      "14": {
        "start": { "line": 41, "column": 8 },
        "end": { "line": 41, "column": 28 }
      },
      "15": {
        "start": { "line": 45, "column": 4 },
        "end": { "line": 45, "column": 22 }
      },
      "16": {
        "start": { "line": 48, "column": 2 },
        "end": { "line": 48, "column": 29 }
      },
      "17": {
        "start": { "line": 51, "column": 0 },
        "end": { "line": 51, "column": 31 }
      }
    },
    "fnMap": {
      "0": {
        "name": "(anonymous_0)",
        "decl": {
          "start": { "line": 11, "column": 24 },
          "end": { "line": 11, "column": 27 }
        },
        "loc": {
          "start": { "line": 11, "column": 29 },
          "end": { "line": 49, "column": 1 }
        }
      },
      "1": {
        "name": "(anonymous_1)",
        "decl": {
          "start": { "line": 19, "column": 12 },
          "end": { "line": 19, "column": 15 }
        },
        "loc": {
          "start": { "line": 19, "column": 17 },
          "end": { "line": 46, "column": 3 }
        }
      },
      "2": {
        "name": "(anonymous_2)",
        "decl": {
          "start": { "line": 20, "column": 28 },
          "end": { "line": 20, "column": 33 }
        },
        "loc": {
          "start": { "line": 20, "column": 39 },
          "end": { "line": 43, "column": 5 }
        }
      }
    },
    "branchMap": {
      "0": {
        "loc": {
          "start": { "line": 25, "column": 8 },
          "end": { "line": 33, "column": 9 }
        },
        "type": "if",
        "locations": [
          {
            "start": { "line": 25, "column": 8 },
            "end": { "line": 33, "column": 9 }
          },
          {
            "start": { "line": 31, "column": 15 },
            "end": { "line": 33, "column": 9 }
          }
        ]
      },
      "1": {
        "loc": {
          "start": { "line": 25, "column": 12 },
          "end": { "line": 25, "column": 66 }
        },
        "type": "binary-expr",
        "locations": [
          {
            "start": { "line": 25, "column": 12 },
            "end": { "line": 25, "column": 18 }
          },
          {
            "start": { "line": 25, "column": 22 },
            "end": { "line": 25, "column": 43 }
          },
          {
            "start": { "line": 25, "column": 47 },
            "end": { "line": 25, "column": 66 }
          }
        ]
      }
    },
    "s": {
      "0": 1,
      "1": 1,
      "2": 7,
      "3": 7,
      "4": 7,
      "5": 4,
      "6": 4,
      "7": 4,
      "8": 4,
      "9": 3,
      "10": 3,
      "11": 0,
      "12": 3,
      "13": 1,
      "14": 4,
      "15": 4,
      "16": 7,
      "17": 1
    },
    "f": { "0": 7, "1": 4, "2": 4 },
    "b": { "0": [0, 3], "1": [3, 3, 0] }
  }
}
