TN:
SF:src/components/BalanceSheet/BalanceSheet.component.tsx
FN:7,(anonymous_1)
FN:17,(anonymous_2)
FNF:2
FNH:2
FNDA:7,(anonymous_1)
FNDA:2,(anonymous_2)
DA:2,1
DA:3,1
DA:4,1
DA:5,1
DA:7,1
DA:8,7
DA:9,7
DA:18,2
DA:38,1
LF:9
LH:9
BRDA:12,0,0,4
BRDA:12,0,1,3
BRDA:14,1,0,1
BRDA:14,1,1,2
BRDA:14,2,0,3
BRDA:14,2,1,2
BRDA:18,3,0,1
BRDA:18,3,1,1
BRF:8
BRH:8
end_of_record
TN:
SF:src/components/BalanceSheetRow/BalanceSheetRow.component.tsx
FN:10,(anonymous_0)
FN:18,(anonymous_1)
FN:31,(anonymous_2)
FNF:3
FNH:3
FNDA:2,(anonymous_0)
FNDA:2,(anonymous_1)
FNDA:3,(anonymous_2)
DA:10,1
DA:15,2
DA:16,1
DA:19,2
DA:24,1
DA:32,3
DA:43,1
LF:7
LH:7
BRDA:15,0,0,1
BRDA:15,0,1,1
BRDA:15,1,0,2
BRDA:15,1,1,1
BRF:4
BRH:4
end_of_record
TN:
SF:src/components/BalanceSheetSection/BalanceSheetSection.component.tsx
FN:10,(anonymous_1)
FN:20,(anonymous_2)
FNF:2
FNH:2
FNDA:1,(anonymous_1)
FNDA:1,(anonymous_2)
DA:3,1
DA:10,1
DA:14,1
DA:21,1
DA:30,1
LF:5
LH:5
BRDA:15,0,0,0
BRDA:15,0,1,1
BRF:2
BRH:1
end_of_record
TN:
SF:src/utils/hooks/useBalanceSheet.ts
FN:11,(anonymous_0)
FN:19,(anonymous_1)
FN:20,(anonymous_2)
FNF:3
FNH:3
FNDA:7,(anonymous_0)
FNDA:4,(anonymous_1)
FNDA:4,(anonymous_2)
DA:1,1
DA:11,1
DA:12,7
DA:17,7
DA:19,7
DA:20,4
DA:21,4
DA:22,4
DA:23,4
DA:24,3
DA:25,3
DA:26,0
DA:32,3
DA:35,1
DA:41,4
DA:45,4
DA:48,7
DA:51,1
LF:18
LH:17
BRDA:25,0,0,0
BRDA:25,0,1,3
BRDA:25,1,0,3
BRDA:25,1,1,3
BRDA:25,1,2,0
BRF:5
BRH:3
end_of_record
